2026-03-27 19:34:33.430 INFO  [bwu-cmd] [system] c.b.bot.api.nav.LocalPathfinder - [LocalPathfinder] Initialized with regions from navdata\regions
2026-03-27 19:34:35.580 INFO  [bwu-cmd] [system] c.b.b.core.runtime.LocalScriptLoader - Found 2 JAR(s) in E:\Desktop\Projects\V2 Xapi\scripts
2026-03-27 19:34:35.644 INFO  [bwu-cmd] [system] c.b.b.core.runtime.LocalScriptLoader - Loaded: com.botwithus.bot.scripts.woodcutting.WoodcuttingScript
2026-03-27 19:34:35.657 INFO  [bwu-cmd] [system] c.b.b.core.runtime.LocalScriptLoader - Loaded: com.xapi.debugger.XapiScript
2026-03-27 19:34:35.658 INFO  [bwu-cmd] [system] c.b.b.core.runtime.LocalScriptLoader - Loaded: com.xapi.debugger.TestScript
2026-03-27 19:34:35.658 ERROR [bwu-cmd] [system] c.b.bot.core.runtime.SDNScriptLoader - lockdown0() failed: Failed to call lockdown0()
2026-03-27 19:34:40.315 INFO  [script-Woodcutting] [Woodcutting] c.b.bot.api.nav.WorldPathfinder - [WorldPathfinder] Loaded transitions: 1603 local, 0 teleports, 255 regions
2026-03-27 19:34:40.316 INFO  [script-Woodcutting] [Woodcutting] c.b.bot.api.nav.WorldPathfinder - [WorldPathfinder] Initialized with navdata from navdata
2026-03-27 19:34:40.316 INFO  [script-Woodcutting] [Woodcutting] c.b.b.s.w.WoodcuttingScript - [Woodcutting] Started - tree=Willow, logType=Willow logs, pathfinder=active
2026-03-27 19:36:05.777 INFO  [script-Woodcutting] [Woodcutting] c.b.b.s.w.WoodcuttingScript - [Woodcutting] Emptying wood box (190 items stored)
2026-03-27 19:36:05.802 INFO  [script-Woodcutting] [Woodcutting] c.b.bot.api.inventory.WoodBox - [WoodBox] Emptying Acadia wood box (slot 0)
2026-03-27 19:36:06.959 INFO  [script-Woodcutting] [Woodcutting] c.b.b.s.w.WoodcuttingScript - [Woodcutting] Depositing all items except wood box (keeping 10 IDs)
2026-03-27 19:36:07.040 INFO  [script-Woodcutting] [Woodcutting] c.b.b.s.w.WoodcuttingScript - [Woodcutting] Banking complete - closing bank
2026-03-27 19:36:07.623 INFO  [script-Woodcutting] [Woodcutting] c.b.b.s.w.WoodcuttingScript - [Woodcutting] Arrived at tree area - resuming chopping
2026-03-27 19:38:42.687 INFO  [script-Woodcutting] [Woodcutting] c.b.b.s.w.WoodcuttingScript - [Woodcutting] Filling wood box with Willow logs
2026-03-27 19:38:42.701 INFO  [script-Woodcutting] [Woodcutting] c.b.bot.api.inventory.WoodBox - [WoodBox] Filling Acadia wood box
2026-03-27 19:38:45.772 INFO  [script-Woodcutting] [Woodcutting] c.b.b.s.w.WoodcuttingScript - [Woodcutting] Backpack still has logs after fill - wood box full, going to bank
2026-03-27 19:38:54.117 INFO  [script-Woodcutting] [Woodcutting] c.b.b.s.w.WoodcuttingScript - [Woodcutting] Emptying wood box (27 items stored)
2026-03-27 19:38:54.140 INFO  [script-Woodcutting] [Woodcutting] c.b.bot.api.inventory.WoodBox - [WoodBox] Emptying Acadia wood box (slot 0)
2026-03-27 19:38:55.243 INFO  [script-Woodcutting] [Woodcutting] c.b.b.s.w.WoodcuttingScript - [Woodcutting] Depositing all items except wood box (keeping 10 IDs)
2026-03-27 19:38:55.260 INFO  [script-Woodcutting] [Woodcutting] c.b.b.s.w.WoodcuttingScript - [Woodcutting] Banking complete - closing bank
2026-03-27 19:38:56.149 INFO  [script-Woodcutting] [Woodcutting] c.b.b.s.w.WoodcuttingScript - [Woodcutting] Arrived at tree area - resuming chopping
2026-03-27 19:41:46.428 INFO  [script-Woodcutting] [Woodcutting] c.b.b.s.w.WoodcuttingScript - [Woodcutting] Stopped - logs=9, fills=1, trips=2
2026-03-27 19:41:53.168 INFO  [script-Xapi] [Xapi] com.xapi.debugger.XapiScript - Xapi action debugger v2.1 started
2026-03-27 19:41:53.186 INFO  [script-Xapi] [Xapi] com.xapi.debugger.SessionManager - Settings loaded from xapi_settings.json
2026-03-27 19:41:53.242 INFO  [script-Xapi] [Xapi] com.xapi.debugger.SessionManager - Auto-save restored: 20 actions, 5001 vars, 47 chat
2026-03-27 19:41:53.243 INFO  [xapi-cache-loader] [system] com.xapi.debugger.GameCacheData - Loading game cache from: D:\13-03-2026
2026-03-27 19:41:53.243 WARN  [xapi-cache-loader] [system] com.xapi.debugger.GameCacheData - Cache directory not found: D:\13-03-2026
2026-03-27 19:41:53.246 INFO  [script-Xapi] [Xapi] com.xapi.debugger.XapiScript - Initial blocking state synced to client: false
2026-03-27 19:41:53.259 INFO  [script-Xapi] [Xapi] com.xapi.debugger.XapiScript - onStart completed successfully
2026-03-27 19:41:53.290 INFO  [script-Xapi] [Xapi] com.xapi.debugger.NameResolver - resolveObject: typeId=38627 optionSlot=1
2026-03-27 19:41:53.294 INFO  [script-Xapi] [Xapi] com.xapi.debugger.NameResolver - resolveObject (RPC): name='Willow' option='Chop down'
2026-03-27 19:42:10.053 INFO  [script-Xapi] [Xapi] com.xapi.debugger.XapiScript - Clear Actions executed and saved
2026-03-27 19:42:32.544 INFO  [virtual-153] [system] com.xapi.debugger.NameResolver - resolveObject: typeId=38616 optionSlot=1
2026-03-27 19:42:32.546 INFO  [virtual-153] [system] com.xapi.debugger.NameResolver - resolveObject (RPC): name='Willow' option='Chop down'
2026-03-27 19:42:52.577 INFO  [virtual-200] [system] com.xapi.debugger.NameResolver - resolveObject: typeId=38627 optionSlot=1
2026-03-27 19:42:52.577 INFO  [virtual-200] [system] com.xapi.debugger.NameResolver - resolveObject (RPC): name='Willow' option='Chop down'
2026-03-27 19:43:05.574 INFO  [virtual-230] [system] com.xapi.debugger.NameResolver - resolveObject: typeId=38627 optionSlot=1
2026-03-27 19:43:05.574 INFO  [virtual-230] [system] com.xapi.debugger.NameResolver - resolveObject (RPC): name='Willow' option='Chop down'
2026-03-27 19:43:11.069 INFO  [script-Xapi] [Xapi] com.xapi.debugger.XapiScript - Clear Actions executed and saved
2026-03-27 19:43:25.634 INFO  [virtual-270] [system] com.xapi.debugger.NameResolver - resolveObject: typeId=38616 optionSlot=1
2026-03-27 19:43:25.634 INFO  [virtual-270] [system] com.xapi.debugger.NameResolver - resolveObject (RPC): name='Willow' option='Chop down'
2026-03-27 19:43:45.599 INFO  [virtual-318] [system] com.xapi.debugger.NameResolver - resolveObject: typeId=38627 optionSlot=1
2026-03-27 19:43:45.599 INFO  [virtual-318] [system] com.xapi.debugger.NameResolver - resolveObject (RPC): name='Willow' option='Chop down'
2026-03-27 19:45:06.512 INFO  [virtual-494] [system] com.xapi.debugger.NameResolver - resolveObject: typeId=38616 optionSlot=1
2026-03-27 19:45:06.512 INFO  [virtual-494] [system] com.xapi.debugger.NameResolver - resolveObject (RPC): name='Willow' option='Chop down'
2026-03-27 19:46:14.868 INFO  [bwu-cmd] [system] c.b.b.core.runtime.LocalScriptLoader - Found 2 JAR(s) in E:\Desktop\Projects\V2 Xapi\scripts
2026-03-27 19:46:14.876 INFO  [bwu-cmd] [system] c.b.b.core.runtime.LocalScriptLoader - Loaded: com.botwithus.bot.scripts.woodcutting.WoodcuttingScript
2026-03-27 19:46:14.887 INFO  [bwu-cmd] [system] c.b.b.core.runtime.LocalScriptLoader - Loaded: com.xapi.debugger.XapiScript
2026-03-27 19:46:14.888 INFO  [bwu-cmd] [system] c.b.b.core.runtime.LocalScriptLoader - Loaded: com.xapi.debugger.TestScript
2026-03-27 19:46:14.888 ERROR [bwu-cmd] [system] c.b.bot.core.runtime.SDNScriptLoader - lockdown0() failed: Failed to call lockdown0()
2026-03-27 19:46:19.128 INFO  [bwu-cmd] [system] c.b.bot.api.nav.LocalPathfinder - [LocalPathfinder] Initialized with regions from navdata\regions
2026-03-27 19:46:21.262 INFO  [bwu-cmd] [system] c.b.b.core.runtime.LocalScriptLoader - Found 2 JAR(s) in E:\Desktop\Projects\V2 Xapi\scripts
2026-03-27 19:46:21.264 INFO  [bwu-cmd] [system] c.b.b.core.runtime.LocalScriptLoader - Loaded: com.botwithus.bot.scripts.woodcutting.WoodcuttingScript
2026-03-27 19:46:21.268 INFO  [bwu-cmd] [system] c.b.b.core.runtime.LocalScriptLoader - Loaded: com.xapi.debugger.XapiScript
2026-03-27 19:46:21.269 INFO  [bwu-cmd] [system] c.b.b.core.runtime.LocalScriptLoader - Loaded: com.xapi.debugger.TestScript
2026-03-27 19:46:21.269 ERROR [bwu-cmd] [system] c.b.bot.core.runtime.SDNScriptLoader - lockdown0() failed: Failed to call lockdown0()
2026-03-27 19:46:22.303 INFO  [script-Woodcutting] [Woodcutting] c.b.bot.api.nav.WorldPathfinder - [WorldPathfinder] Loaded transitions: 1603 local, 0 teleports, 255 regions
2026-03-27 19:46:22.305 INFO  [script-Woodcutting] [Woodcutting] c.b.bot.api.nav.WorldPathfinder - [WorldPathfinder] Initialized with navdata from navdata
2026-03-27 19:46:22.306 INFO  [script-Woodcutting] [Woodcutting] c.b.b.s.w.WoodcuttingScript - [Woodcutting] Started - tree=Willow, logType=Willow logs, pathfinder=active
2026-03-27 19:48:23.776 INFO  [script-Woodcutting] [Woodcutting] c.b.b.s.w.WoodcuttingScript - [Woodcutting] Filling wood box with Willow logs
2026-03-27 19:48:23.790 INFO  [script-Woodcutting] [Woodcutting] c.b.bot.api.inventory.WoodBox - [WoodBox] Filling Acadia wood box
2026-03-27 19:48:24.386 INFO  [script-Woodcutting] [Woodcutting] c.b.b.s.w.WoodcuttingScript - [Woodcutting] Wood box fill complete - resuming chopping
2026-03-27 19:50:37.569 INFO  [script-Woodcutting] [Woodcutting] c.b.b.s.w.WoodcuttingScript - [Woodcutting] Filling wood box with Willow logs
2026-03-27 19:50:37.584 INFO  [script-Woodcutting] [Woodcutting] c.b.bot.api.inventory.WoodBox - [WoodBox] Filling Acadia wood box
2026-03-27 19:50:38.171 INFO  [script-Woodcutting] [Woodcutting] c.b.b.s.w.WoodcuttingScript - [Woodcutting] Wood box fill complete - resuming chopping
2026-03-27 19:51:33.967 INFO  [script-Woodcutting] [Woodcutting] c.b.b.s.w.WoodcuttingScript - [Woodcutting] Stopped - logs=8, fills=2, trips=0
