2026-03-29 12:09:43.377 INFO  [bwu-cmd] [system] c.b.bot.api.nav.LocalPathfinder - [LocalPathfinder] Initialized with regions from navdata\regions
2026-03-29 12:09:45.142 INFO  [bwu-cmd] [system] c.b.b.core.runtime.LocalScriptLoader - Found 2 JAR(s) in E:\Desktop\Projects\V2 Xapi\scripts
2026-03-29 12:09:45.150 INFO  [bwu-cmd] [system] c.b.b.core.runtime.LocalScriptLoader - Loaded: com.xapi.debugger.XapiScript
2026-03-29 12:09:45.153 INFO  [bwu-cmd] [system] c.b.b.core.runtime.LocalScriptLoader - Loaded: com.botwithus.bot.scripts.woodcutting.WoodcuttingScript
2026-03-29 12:09:45.153 ERROR [bwu-cmd] [system] c.b.bot.core.runtime.SDNScriptLoader - lockdown0() failed: Failed to call lockdown0()
2026-03-29 12:09:46.434 INFO  [script-Woodcutting] [Woodcutting] c.b.bot.scripts.woodcutting.Quirks - [Quirks] Session personality: earlyFill=43% (at 15), notNearest=5%, idleStare=9%, earlyBank=4slots, fidget=1%
2026-03-29 12:09:46.470 INFO  [script-Woodcutting] [Woodcutting] c.b.bot.api.nav.WorldPathfinder - [WorldPathfinder] Loaded transitions: 1603 local, 0 teleports, 255 regions
2026-03-29 12:09:46.472 INFO  [script-Woodcutting] [Woodcutting] c.b.bot.api.nav.WorldPathfinder - [WorldPathfinder] Initialized with navdata from navdata
2026-03-29 12:09:46.865 INFO  [script-Woodcutting] [Woodcutting] c.b.b.s.w.WoodcuttingScript - [Woodcutting] Started - tree=Willow, pathfinder=active
2026-03-29 12:11:14.472 INFO  [script-Woodcutting] [Woodcutting] c.b.bot.api.inventory.WoodBox - [WoodBox] Filling Acadia wood box
2026-03-29 12:12:28.061 INFO  [script-Woodcutting] [Woodcutting] c.b.bot.api.inventory.WoodBox - [WoodBox] Filling Acadia wood box
2026-03-29 12:13:53.138 INFO  [script-Woodcutting] [Woodcutting] c.b.bot.api.inventory.WoodBox - [WoodBox] Filling Acadia wood box
2026-03-29 12:15:33.796 INFO  [script-Woodcutting] [Woodcutting] c.b.bot.api.inventory.WoodBox - [WoodBox] Filling Acadia wood box
2026-03-29 12:17:54.117 INFO  [script-Woodcutting] [Woodcutting] c.b.bot.api.inventory.WoodBox - [WoodBox] Filling Acadia wood box
2026-03-29 12:19:06.171 INFO  [script-Woodcutting] [Woodcutting] c.b.bot.api.inventory.WoodBox - [WoodBox] Filling Acadia wood box
2026-03-29 12:20:46.835 INFO  [script-Woodcutting] [Woodcutting] c.b.bot.api.inventory.WoodBox - [WoodBox] Filling Acadia wood box
2026-03-29 12:22:52.384 INFO  [script-Woodcutting] [Woodcutting] c.b.bot.api.inventory.WoodBox - [WoodBox] Filling Acadia wood box
2026-03-29 12:24:14.796 INFO  [script-Woodcutting] [Woodcutting] c.b.bot.api.inventory.WoodBox - [WoodBox] Filling Acadia wood box
2026-03-29 12:25:14.083 INFO  [script-Woodcutting] [Woodcutting] c.b.bot.api.inventory.WoodBox - [WoodBox] Filling Acadia wood box
2026-03-29 12:26:19.436 INFO  [script-Woodcutting] [Woodcutting] c.b.bot.api.inventory.WoodBox - [WoodBox] Filling Acadia wood box
2026-03-29 12:27:52.519 INFO  [script-Woodcutting] [Woodcutting] c.b.bot.api.inventory.WoodBox - [WoodBox] Filling Acadia wood box
2026-03-29 12:29:34.658 INFO  [script-Woodcutting] [Woodcutting] c.b.bot.api.inventory.WoodBox - [WoodBox] Emptying logs from Acadia wood box (slot 0)
2026-03-29 12:29:37.543 INFO  [script-Woodcutting] [Woodcutting] c.b.bot.api.inventory.WoodBox - [WoodBox] Filling Acadia wood box
2026-03-29 12:31:42.812 INFO  [script-Woodcutting] [Woodcutting] c.b.bot.api.inventory.WoodBox - [WoodBox] Filling Acadia wood box
2026-03-29 12:33:03.842 INFO  [script-Woodcutting] [Woodcutting] c.b.bot.api.inventory.WoodBox - [WoodBox] Filling Acadia wood box
2026-03-29 12:34:37.047 INFO  [script-Woodcutting] [Woodcutting] c.b.bot.api.inventory.WoodBox - [WoodBox] Filling Acadia wood box
2026-03-29 12:36:01.212 INFO  [script-Woodcutting] [Woodcutting] c.b.bot.api.inventory.WoodBox - [WoodBox] Filling Acadia wood box
2026-03-29 12:37:15.355 INFO  [script-Woodcutting] [Woodcutting] c.b.bot.api.inventory.WoodBox - [WoodBox] Filling Acadia wood box
2026-03-29 12:38:49.737 INFO  [script-Woodcutting] [Woodcutting] c.b.bot.api.inventory.WoodBox - [WoodBox] Filling Acadia wood box
2026-03-29 12:41:00.071 INFO  [script-Woodcutting] [Woodcutting] c.b.bot.api.inventory.WoodBox - [WoodBox] Filling Acadia wood box
2026-03-29 12:42:08.672 INFO  [script-Woodcutting] [Woodcutting] c.b.bot.api.inventory.WoodBox - [WoodBox] Filling Acadia wood box
2026-03-29 12:43:56.766 INFO  [script-Woodcutting] [Woodcutting] c.b.bot.api.inventory.WoodBox - [WoodBox] Filling Acadia wood box
2026-03-29 12:45:15.631 INFO  [script-Woodcutting] [Woodcutting] c.b.bot.api.inventory.WoodBox - [WoodBox] Filling Acadia wood box
2026-03-29 12:47:32.953 INFO  [script-Woodcutting] [Woodcutting] c.b.bot.api.inventory.WoodBox - [WoodBox] Emptying logs from Acadia wood box (slot 0)
2026-03-29 12:47:39.005 INFO  [script-Woodcutting] [Woodcutting] c.b.bot.api.inventory.WoodBox - [WoodBox] Filling Acadia wood box
2026-03-29 12:49:48.600 INFO  [script-Woodcutting] [Woodcutting] c.b.bot.api.inventory.WoodBox - [WoodBox] Filling Acadia wood box
2026-03-29 12:52:03.130 INFO  [script-Woodcutting] [Woodcutting] c.b.bot.api.inventory.WoodBox - [WoodBox] Filling Acadia wood box
2026-03-29 12:53:11.637 INFO  [script-Woodcutting] [Woodcutting] c.b.bot.api.inventory.WoodBox - [WoodBox] Filling Acadia wood box
2026-03-29 12:54:25.114 INFO  [script-Woodcutting] [Woodcutting] c.b.bot.api.inventory.WoodBox - [WoodBox] Filling Acadia wood box
2026-03-29 12:55:46.245 INFO  [script-Woodcutting] [Woodcutting] c.b.bot.api.inventory.WoodBox - [WoodBox] Filling Acadia wood box
2026-03-29 12:57:45.231 INFO  [script-Woodcutting] [Woodcutting] c.b.bot.api.inventory.WoodBox - [WoodBox] Filling Acadia wood box
2026-03-29 13:01:29.574 INFO  [script-Woodcutting] [Woodcutting] c.b.bot.api.inventory.WoodBox - [WoodBox] Filling Acadia wood box
2026-03-29 13:03:30.513 INFO  [script-Woodcutting] [Woodcutting] c.b.bot.api.inventory.WoodBox - [WoodBox] Filling Acadia wood box
2026-03-29 13:04:59.822 INFO  [script-Woodcutting] [Woodcutting] c.b.bot.api.inventory.WoodBox - [WoodBox] Filling Acadia wood box
2026-03-29 13:06:37.747 INFO  [script-Woodcutting] [Woodcutting] c.b.bot.api.inventory.WoodBox - [WoodBox] Filling Acadia wood box
2026-03-29 13:08:42.908 INFO  [script-Woodcutting] [Woodcutting] c.b.bot.api.inventory.WoodBox - [WoodBox] Emptying logs from Acadia wood box (slot 0)
2026-03-29 13:08:44.702 INFO  [script-Woodcutting] [Woodcutting] c.b.bot.api.inventory.WoodBox - [WoodBox] Filling Acadia wood box
2026-03-29 13:10:13.725 INFO  [script-Woodcutting] [Woodcutting] c.b.bot.api.inventory.WoodBox - [WoodBox] Filling Acadia wood box
2026-03-29 13:12:02.677 INFO  [script-Woodcutting] [Woodcutting] c.b.bot.api.inventory.WoodBox - [WoodBox] Filling Acadia wood box
2026-03-29 13:13:49.924 INFO  [script-Woodcutting] [Woodcutting] c.b.bot.api.inventory.WoodBox - [WoodBox] Filling Acadia wood box
2026-03-29 13:15:12.852 INFO  [script-Woodcutting] [Woodcutting] c.b.bot.api.inventory.WoodBox - [WoodBox] Filling Acadia wood box
2026-03-29 13:16:24.773 INFO  [script-Woodcutting] [Woodcutting] c.b.bot.api.inventory.WoodBox - [WoodBox] Filling Acadia wood box
2026-03-29 13:17:22.368 INFO  [script-Woodcutting] [Woodcutting] c.b.bot.api.inventory.WoodBox - [WoodBox] Filling Acadia wood box
2026-03-29 13:19:38.142 INFO  [script-Woodcutting] [Woodcutting] c.b.bot.api.inventory.WoodBox - [WoodBox] Filling Acadia wood box
2026-03-29 13:21:30.442 INFO  [script-Woodcutting] [Woodcutting] c.b.bot.api.inventory.WoodBox - [WoodBox] Filling Acadia wood box
2026-03-29 13:23:52.061 INFO  [script-Woodcutting] [Woodcutting] c.b.bot.api.inventory.WoodBox - [WoodBox] Filling Acadia wood box
2026-03-29 13:25:26.603 INFO  [script-Woodcutting] [Woodcutting] c.b.bot.api.inventory.WoodBox - [WoodBox] Filling Acadia wood box
2026-03-29 13:26:47.624 INFO  [script-Woodcutting] [Woodcutting] c.b.bot.api.inventory.WoodBox - [WoodBox] Emptying logs from Acadia wood box (slot 0)
2026-03-29 13:28:37.476 INFO  [script-Woodcutting] [Woodcutting] c.b.bot.api.inventory.WoodBox - [WoodBox] Filling Acadia wood box
2026-03-29 13:30:35.742 INFO  [script-Woodcutting] [Woodcutting] c.b.bot.api.inventory.WoodBox - [WoodBox] Filling Acadia wood box
2026-03-29 13:32:20.509 INFO  [script-Woodcutting] [Woodcutting] c.b.bot.api.inventory.WoodBox - [WoodBox] Filling Acadia wood box
2026-03-29 13:34:18.118 INFO  [script-Woodcutting] [Woodcutting] c.b.bot.api.inventory.WoodBox - [WoodBox] Filling Acadia wood box
2026-03-29 13:35:28.648 INFO  [script-Woodcutting] [Woodcutting] c.b.bot.api.inventory.WoodBox - [WoodBox] Filling Acadia wood box
2026-03-29 13:36:25.315 INFO  [script-Woodcutting] [Woodcutting] c.b.bot.api.inventory.WoodBox - [WoodBox] Filling Acadia wood box
2026-03-29 13:37:53.967 INFO  [script-Woodcutting] [Woodcutting] c.b.bot.api.inventory.WoodBox - [WoodBox] Filling Acadia wood box
2026-03-29 13:39:58.047 INFO  [script-Woodcutting] [Woodcutting] c.b.bot.api.inventory.WoodBox - [WoodBox] Filling Acadia wood box
2026-03-29 13:41:08.371 INFO  [script-Woodcutting] [Woodcutting] c.b.bot.api.inventory.WoodBox - [WoodBox] Filling Acadia wood box
2026-03-29 13:42:27.446 INFO  [script-Woodcutting] [Woodcutting] c.b.bot.api.inventory.WoodBox - [WoodBox] Filling Acadia wood box
2026-03-29 13:43:39.384 INFO  [script-Woodcutting] [Woodcutting] c.b.bot.api.inventory.WoodBox - [WoodBox] Filling Acadia wood box
2026-03-29 13:44:51.329 INFO  [script-Woodcutting] [Woodcutting] c.b.bot.api.inventory.WoodBox - [WoodBox] Filling Acadia wood box
2026-03-29 13:47:09.257 INFO  [script-Woodcutting] [Woodcutting] c.b.bot.api.inventory.WoodBox - [WoodBox] Emptying logs from Acadia wood box (slot 0)
2026-03-29 13:48:49.182 INFO  [script-Woodcutting] [Woodcutting] c.b.bot.api.inventory.WoodBox - [WoodBox] Filling Acadia wood box
2026-03-29 13:50:26.650 INFO  [script-Woodcutting] [Woodcutting] c.b.bot.api.inventory.WoodBox - [WoodBox] Filling Acadia wood box
2026-03-29 13:51:55.946 INFO  [script-Woodcutting] [Woodcutting] c.b.bot.api.inventory.WoodBox - [WoodBox] Filling Acadia wood box
2026-03-29 13:53:20.120 INFO  [script-Woodcutting] [Woodcutting] c.b.bot.api.inventory.WoodBox - [WoodBox] Filling Acadia wood box
2026-03-29 13:54:15.627 INFO  [script-Woodcutting] [Woodcutting] c.b.bot.api.inventory.WoodBox - [WoodBox] Filling Acadia wood box
2026-03-29 13:55:22.471 INFO  [script-Woodcutting] [Woodcutting] c.b.bot.api.inventory.WoodBox - [WoodBox] Filling Acadia wood box
2026-03-29 13:56:50.040 INFO  [script-Woodcutting] [Woodcutting] c.b.bot.api.inventory.WoodBox - [WoodBox] Filling Acadia wood box
2026-03-29 13:58:08.905 INFO  [script-Woodcutting] [Woodcutting] c.b.bot.api.inventory.WoodBox - [WoodBox] Filling Acadia wood box
2026-03-29 13:59:32.841 INFO  [script-Woodcutting] [Woodcutting] c.b.bot.api.inventory.WoodBox - [WoodBox] Filling Acadia wood box
2026-03-29 14:00:51.114 INFO  [script-Woodcutting] [Woodcutting] c.b.bot.api.inventory.WoodBox - [WoodBox] Filling Acadia wood box
2026-03-29 14:02:19.445 INFO  [script-Woodcutting] [Woodcutting] c.b.bot.api.inventory.WoodBox - [WoodBox] Filling Acadia wood box
2026-03-29 14:03:48.537 INFO  [script-Woodcutting] [Woodcutting] c.b.bot.api.inventory.WoodBox - [WoodBox] Filling Acadia wood box
2026-03-29 14:04:55.524 INFO  [script-Woodcutting] [Woodcutting] c.b.bot.api.inventory.WoodBox - [WoodBox] Emptying logs from Acadia wood box (slot 0)
2026-03-29 14:04:57.571 INFO  [script-Woodcutting] [Woodcutting] c.b.bot.api.inventory.WoodBox - [WoodBox] Filling Acadia wood box
2026-03-29 14:06:14.597 INFO  [script-Woodcutting] [Woodcutting] c.b.bot.api.inventory.WoodBox - [WoodBox] Filling Acadia wood box
2026-03-29 14:17:37.474 INFO  [script-Woodcutting] [Woodcutting] c.b.b.s.w.WoodcuttingScript - [Woodcutting] Stopped - logs=1223, fills=71, trips=2
2026-03-29 14:17:38.724 INFO  [bwu-cmd] [system] c.b.b.core.runtime.LocalScriptLoader - Found 2 JAR(s) in E:\Desktop\Projects\V2 Xapi\scripts
2026-03-29 14:17:38.728 INFO  [bwu-cmd] [system] c.b.b.core.runtime.LocalScriptLoader - Loaded: com.xapi.debugger.XapiScript
2026-03-29 14:17:38.730 INFO  [bwu-cmd] [system] c.b.b.core.runtime.LocalScriptLoader - Loaded: com.botwithus.bot.scripts.woodcutting.WoodcuttingScript
2026-03-29 14:17:38.731 ERROR [bwu-cmd] [system] c.b.bot.core.runtime.SDNScriptLoader - lockdown0() failed: Failed to call lockdown0()
2026-03-29 14:17:38.731 INFO  [bwu-cmd] [system] c.b.bot.core.runtime.ScriptRuntime - Stopped script: Xapi
2026-03-29 14:17:38.731 INFO  [bwu-cmd] [system] c.b.bot.core.runtime.ScriptRuntime - Stopped script: Woodcutting
2026-03-29 16:12:18.963 INFO  [bwu-cmd] [system] c.b.bot.api.nav.LocalPathfinder - [LocalPathfinder] Initialized with regions from navdata\regions
2026-03-29 16:12:21.515 INFO  [bwu-cmd] [system] c.b.b.core.runtime.LocalScriptLoader - Found 2 JAR(s) in E:\Desktop\Projects\V2 Xapi\scripts
2026-03-29 16:12:21.524 INFO  [bwu-cmd] [system] c.b.b.core.runtime.LocalScriptLoader - Loaded: com.xapi.debugger.XapiScript
2026-03-29 16:12:21.526 INFO  [bwu-cmd] [system] c.b.b.core.runtime.LocalScriptLoader - Loaded: com.botwithus.bot.scripts.woodcutting.WoodcuttingScript
2026-03-29 16:12:21.527 ERROR [bwu-cmd] [system] c.b.bot.core.runtime.SDNScriptLoader - lockdown0() failed: Failed to call lockdown0()
2026-03-29 16:12:22.677 INFO  [script-Woodcutting] [Woodcutting] c.b.bot.scripts.woodcutting.Quirks - [Quirks] Session personality: earlyFill=34% (at 19), notNearest=10%, idleStare=12%, earlyBank=3slots, fidget=7%
2026-03-29 16:12:22.706 INFO  [script-Woodcutting] [Woodcutting] c.b.bot.api.nav.WorldPathfinder - [WorldPathfinder] Loaded transitions: 1603 local, 0 teleports, 255 regions
2026-03-29 16:12:22.707 INFO  [script-Woodcutting] [Woodcutting] c.b.bot.api.nav.WorldPathfinder - [WorldPathfinder] Initialized with navdata from navdata
2026-03-29 16:12:22.944 INFO  [script-Woodcutting] [Woodcutting] c.b.b.s.w.WoodcuttingScript - [Woodcutting] Started - tree=Willow, pathfinder=active
2026-03-29 16:15:09.316 INFO  [script-Woodcutting] [Woodcutting] c.b.b.s.w.WoodcuttingScript - [Woodcutting] Stopped - logs=9, fills=0, trips=0
2026-03-29 16:15:11.405 INFO  [script-Xapi] [Xapi] com.xapi.debugger.XapiScript - Xapi action debugger v2.1 started
2026-03-29 16:15:11.427 INFO  [script-Xapi] [Xapi] com.xapi.debugger.SessionManager - Settings loaded from xapi_settings.json
2026-03-29 16:15:11.440 INFO  [script-Xapi] [Xapi] com.xapi.debugger.SessionManager - Auto-save restored: 14 actions, 145 vars, 230 chat
2026-03-29 16:15:11.440 INFO  [xapi-cache-loader] [system] com.xapi.debugger.GameCacheData - Loading game cache from: D:\SnowsDecoder\Decoder Dependencies\output\configs
2026-03-29 16:15:11.442 INFO  [script-Xapi] [Xapi] com.xapi.debugger.XapiScript - Initial blocking state synced to client: false
2026-03-29 16:15:11.448 INFO  [xapi-cache-loader] [system] com.xapi.debugger.GameCacheData - Loading locations from: D:\SnowsDecoder\Decoder Dependencies\output\configs\objects.json
2026-03-29 16:15:11.451 INFO  [script-Xapi] [Xapi] com.xapi.debugger.XapiScript - onStart completed successfully
2026-03-29 16:15:11.890 INFO  [xapi-cache-loader] [system] com.xapi.debugger.GameCacheData - Loaded 137057 locations in 442ms
2026-03-29 16:15:11.891 INFO  [xapi-cache-loader] [system] com.xapi.debugger.GameCacheData - Loading items from: D:\SnowsDecoder\Decoder Dependencies\output\configs\items.json
2026-03-29 16:15:12.162 INFO  [xapi-cache-loader] [system] com.xapi.debugger.GameCacheData - Loaded 60520 items in 271ms
2026-03-29 16:15:12.163 INFO  [xapi-cache-loader] [system] com.xapi.debugger.GameCacheData - Loading NPCs from: D:\SnowsDecoder\Decoder Dependencies\output\configs\npcs.json
2026-03-29 16:15:12.305 INFO  [xapi-cache-loader] [system] com.xapi.debugger.GameCacheData - Loaded 32760 NPCs in 142ms
2026-03-29 16:15:12.306 INFO  [xapi-cache-loader] [system] com.xapi.debugger.GameCacheData - Loading interfaces from: D:\SnowsDecoder\Decoder Dependencies\output\configs
2026-03-29 16:15:12.307 INFO  [xapi-cache-loader] [system] com.xapi.debugger.GameCacheData - Loaded 0 interfaces (0 widgets) in 1ms
2026-03-29 16:15:12.367 INFO  [xapi-cache-loader] [system] com.xapi.debugger.GameCacheData - Loaded 443 item varbit definitions from varbits.json in 59ms
2026-03-29 16:15:12.367 INFO  [xapi-cache-loader] [system] com.xapi.debugger.GameCacheData - Game cache loaded in 927ms: 137057 locations, 60520 items, 32760 NPCs, 0 interfaces (0 widgets), 443 item varbits
2026-03-29 16:15:28.416 INFO  [script-Xapi] [Xapi] com.xapi.debugger.XapiScript - Clear Actions executed and saved
2026-03-29 16:18:19.847 INFO  [script-Xapi] [Xapi] com.xapi.debugger.XapiScript - Xapi stopped — 20 actions, 27 var changes, 237 chat messages logged
2026-03-29 16:18:20.495 INFO  [bwu-cmd] [system] c.b.b.core.runtime.LocalScriptLoader - Found 2 JAR(s) in E:\Desktop\Projects\V2 Xapi\scripts
2026-03-29 16:18:20.499 INFO  [bwu-cmd] [system] c.b.b.core.runtime.LocalScriptLoader - Loaded: com.xapi.debugger.XapiScript
2026-03-29 16:18:20.501 INFO  [bwu-cmd] [system] c.b.b.core.runtime.LocalScriptLoader - Loaded: com.botwithus.bot.scripts.woodcutting.WoodcuttingScript
2026-03-29 16:18:20.501 ERROR [bwu-cmd] [system] c.b.bot.core.runtime.SDNScriptLoader - lockdown0() failed: Failed to call lockdown0()
2026-03-29 16:18:20.502 INFO  [bwu-cmd] [system] c.b.bot.core.runtime.ScriptRuntime - Stopped script: Xapi
2026-03-29 16:18:20.502 INFO  [bwu-cmd] [system] c.b.bot.core.runtime.ScriptRuntime - Stopped script: Woodcutting
2026-03-29 16:18:21.422 INFO  [script-Woodcutting] [Woodcutting] c.b.bot.scripts.woodcutting.Quirks - [Quirks] Session personality: earlyFill=33% (at 19), notNearest=7%, idleStare=13%, earlyBank=3slots, fidget=2%
2026-03-29 16:18:21.424 INFO  [script-Woodcutting] [Woodcutting] c.b.b.s.w.WoodcuttingScript - [Woodcutting] Started - tree=Willow, pathfinder=active
2026-03-29 16:18:34.484 INFO  [script-Woodcutting] [Woodcutting] c.b.bot.api.inventory.WoodBox - [WoodBox] Filling Acadia wood box
2026-03-29 16:20:27.484 INFO  [script-Woodcutting] [Woodcutting] c.b.bot.api.inventory.WoodBox - [WoodBox] Filling Acadia wood box
2026-03-29 16:22:17.823 INFO  [script-Woodcutting] [Woodcutting] c.b.bot.api.inventory.WoodBox - [WoodBox] Filling Acadia wood box
2026-03-29 16:22:41.884 INFO  [script-Woodcutting] [Woodcutting] c.b.b.s.w.WoodcuttingScript - [Woodcutting] Stopped - logs=49, fills=3, trips=0
2026-03-29 16:22:42.867 INFO  [script-Xapi] [Xapi] com.xapi.debugger.XapiScript - Xapi action debugger v2.1 started
2026-03-29 16:22:42.877 INFO  [script-Xapi] [Xapi] com.xapi.debugger.SessionManager - Settings loaded from xapi_settings.json
2026-03-29 16:22:42.882 INFO  [script-Xapi] [Xapi] com.xapi.debugger.SessionManager - Auto-save restored: 20 actions, 27 vars, 237 chat
2026-03-29 16:22:42.882 INFO  [xapi-cache-loader] [system] com.xapi.debugger.GameCacheData - Loading game cache from: D:\SnowsDecoder\Decoder Dependencies\output\configs
2026-03-29 16:22:42.883 INFO  [xapi-cache-loader] [system] com.xapi.debugger.GameCacheData - Loading locations from: D:\SnowsDecoder\Decoder Dependencies\output\configs\objects.json
2026-03-29 16:22:42.885 INFO  [script-Xapi] [Xapi] com.xapi.debugger.XapiScript - Initial blocking state synced to client: false
2026-03-29 16:22:42.886 INFO  [script-Xapi] [Xapi] com.xapi.debugger.XapiScript - onStart completed successfully
2026-03-29 16:22:43.163 INFO  [xapi-cache-loader] [system] com.xapi.debugger.GameCacheData - Loaded 137057 locations in 280ms
2026-03-29 16:22:43.164 INFO  [xapi-cache-loader] [system] com.xapi.debugger.GameCacheData - Loading items from: D:\SnowsDecoder\Decoder Dependencies\output\configs\items.json
2026-03-29 16:22:43.379 INFO  [xapi-cache-loader] [system] com.xapi.debugger.GameCacheData - Loaded 60520 items in 215ms
2026-03-29 16:22:43.379 INFO  [xapi-cache-loader] [system] com.xapi.debugger.GameCacheData - Loading NPCs from: D:\SnowsDecoder\Decoder Dependencies\output\configs\npcs.json
2026-03-29 16:22:43.476 INFO  [xapi-cache-loader] [system] com.xapi.debugger.GameCacheData - Loaded 32760 NPCs in 97ms
2026-03-29 16:22:43.476 INFO  [xapi-cache-loader] [system] com.xapi.debugger.GameCacheData - Loading interfaces from: D:\SnowsDecoder\Decoder Dependencies\output\configs
2026-03-29 16:22:43.477 INFO  [xapi-cache-loader] [system] com.xapi.debugger.GameCacheData - Loaded 0 interfaces (0 widgets) in 1ms
2026-03-29 16:22:43.529 INFO  [xapi-cache-loader] [system] com.xapi.debugger.GameCacheData - Loaded 443 item varbit definitions from varbits.json in 52ms
2026-03-29 16:22:43.529 INFO  [xapi-cache-loader] [system] com.xapi.debugger.GameCacheData - Game cache loaded in 647ms: 137057 locations, 60520 items, 32760 NPCs, 0 interfaces (0 widgets), 443 item varbits
2026-03-29 16:27:08.572 INFO  [script-Xapi] [Xapi] com.xapi.debugger.XapiScript - Xapi stopped — 20 actions, 114 var changes, 242 chat messages logged
2026-03-29 16:27:10.206 INFO  [bwu-cmd] [system] c.b.b.core.runtime.LocalScriptLoader - Found 2 JAR(s) in E:\Desktop\Projects\V2 Xapi\scripts
2026-03-29 16:27:10.210 INFO  [bwu-cmd] [system] c.b.b.core.runtime.LocalScriptLoader - Loaded: com.xapi.debugger.XapiScript
2026-03-29 16:27:10.211 INFO  [bwu-cmd] [system] c.b.b.core.runtime.LocalScriptLoader - Loaded: com.botwithus.bot.scripts.woodcutting.WoodcuttingScript
2026-03-29 16:27:10.212 ERROR [bwu-cmd] [system] c.b.bot.core.runtime.SDNScriptLoader - lockdown0() failed: Failed to call lockdown0()
2026-03-29 16:27:10.212 INFO  [bwu-cmd] [system] c.b.bot.core.runtime.ScriptRuntime - Stopped script: Xapi
2026-03-29 16:27:10.212 INFO  [bwu-cmd] [system] c.b.bot.core.runtime.ScriptRuntime - Stopped script: Woodcutting
2026-03-29 16:27:17.874 INFO  [virtual-2021] [system] com.xapi.debugger.NameResolver - resolveObject: typeId=38627 optionSlot=1
2026-03-29 16:27:17.875 INFO  [virtual-2021] [system] com.xapi.debugger.NameResolver - resolveObject (cache): name='Willow' option='Chop down'
2026-03-29 16:27:17.880 INFO  [virtual-2021] [system] com.xapi.debugger.NameResolver - resolveObject: typeId=38627 optionSlot=1
2026-03-29 16:27:17.880 INFO  [virtual-2021] [system] com.xapi.debugger.NameResolver - resolveObject (cache): name='Willow' option='Chop down'
2026-03-29 16:27:27.121 INFO  [bwu-cmd] [system] c.b.b.core.runtime.LocalScriptLoader - Found 2 JAR(s) in E:\Desktop\Projects\V2 Xapi\scripts
2026-03-29 16:27:27.125 INFO  [bwu-cmd] [system] c.b.b.core.runtime.LocalScriptLoader - Loaded: com.xapi.debugger.XapiScript
2026-03-29 16:27:27.126 INFO  [bwu-cmd] [system] c.b.b.core.runtime.LocalScriptLoader - Loaded: com.botwithus.bot.scripts.woodcutting.WoodcuttingScript
2026-03-29 16:27:27.126 ERROR [bwu-cmd] [system] c.b.bot.core.runtime.SDNScriptLoader - lockdown0() failed: Failed to call lockdown0()
2026-03-29 16:27:27.127 INFO  [bwu-cmd] [system] c.b.bot.core.runtime.ScriptRuntime - Stopped script: Xapi
2026-03-29 16:27:27.127 INFO  [bwu-cmd] [system] c.b.bot.core.runtime.ScriptRuntime - Stopped script: Woodcutting
2026-03-29 16:37:24.934 WARN  [rpc-reader] [system] c.botwithus.bot.core.rpc.RpcClient - Event dispatch backpressure: 100 concurrent handlers, dropping event: varbit_change
2026-03-29 20:12:38.733 WARN  [rpc-reader] [system] c.botwithus.bot.core.rpc.RpcClient - Event dispatch backpressure: 100 concurrent handlers, dropping event: varbit_change
2026-03-29 20:12:38.734 WARN  [rpc-reader] [system] c.botwithus.bot.core.rpc.RpcClient - Event dispatch backpressure: 100 concurrent handlers, dropping event: varbit_change
2026-03-29 20:12:38.734 WARN  [rpc-reader] [system] c.botwithus.bot.core.rpc.RpcClient - Event dispatch backpressure: 100 concurrent handlers, dropping event: varbit_change
2026-03-29 20:12:38.734 WARN  [rpc-reader] [system] c.botwithus.bot.core.rpc.RpcClient - Event dispatch backpressure: 100 concurrent handlers, dropping event: varbit_change
2026-03-29 20:12:38.734 WARN  [rpc-reader] [system] c.botwithus.bot.core.rpc.RpcClient - Event dispatch backpressure: 100 concurrent handlers, dropping event: varbit_change
2026-03-29 20:12:38.734 WARN  [rpc-reader] [system] c.botwithus.bot.core.rpc.RpcClient - Event dispatch backpressure: 100 concurrent handlers, dropping event: varbit_change
2026-03-29 20:12:38.734 WARN  [rpc-reader] [system] c.botwithus.bot.core.rpc.RpcClient - Event dispatch backpressure: 100 concurrent handlers, dropping event: varbit_change
2026-03-29 20:12:38.741 WARN  [rpc-reader] [system] c.botwithus.bot.core.rpc.RpcClient - Event dispatch backpressure: 100 concurrent handlers, dropping event: varbit_change
2026-03-29 20:12:38.742 WARN  [rpc-reader] [system] c.botwithus.bot.core.rpc.RpcClient - Event dispatch backpressure: 100 concurrent handlers, dropping event: varbit_change
2026-03-29 20:12:38.742 WARN  [rpc-reader] [system] c.botwithus.bot.core.rpc.RpcClient - Event dispatch backpressure: 100 concurrent handlers, dropping event: varbit_change
2026-03-29 20:12:38.742 WARN  [rpc-reader] [system] c.botwithus.bot.core.rpc.RpcClient - Event dispatch backpressure: 100 concurrent handlers, dropping event: varbit_change
2026-03-29 20:12:38.742 WARN  [rpc-reader] [system] c.botwithus.bot.core.rpc.RpcClient - Event dispatch backpressure: 100 concurrent handlers, dropping event: varbit_change
2026-03-29 20:12:38.742 WARN  [rpc-reader] [system] c.botwithus.bot.core.rpc.RpcClient - Event dispatch backpressure: 100 concurrent handlers, dropping event: varbit_change
2026-03-29 20:12:38.742 WARN  [rpc-reader] [system] c.botwithus.bot.core.rpc.RpcClient - Event dispatch backpressure: 100 concurrent handlers, dropping event: varbit_change
2026-03-29 20:12:38.743 WARN  [rpc-reader] [system] c.botwithus.bot.core.rpc.RpcClient - Event dispatch backpressure: 100 concurrent handlers, dropping event: varbit_change
2026-03-29 20:12:38.744 WARN  [rpc-reader] [system] c.botwithus.bot.core.rpc.RpcClient - Event dispatch backpressure: 100 concurrent handlers, dropping event: varbit_change
2026-03-29 20:12:38.745 WARN  [rpc-reader] [system] c.botwithus.bot.core.rpc.RpcClient - Event dispatch backpressure: 100 concurrent handlers, dropping event: varbit_change
2026-03-29 20:12:38.745 WARN  [rpc-reader] [system] c.botwithus.bot.core.rpc.RpcClient - Event dispatch backpressure: 100 concurrent handlers, dropping event: varbit_change
2026-03-29 20:12:38.745 WARN  [rpc-reader] [system] c.botwithus.bot.core.rpc.RpcClient - Event dispatch backpressure: 100 concurrent handlers, dropping event: varbit_change
2026-03-29 20:12:38.745 WARN  [rpc-reader] [system] c.botwithus.bot.core.rpc.RpcClient - Event dispatch backpressure: 100 concurrent handlers, dropping event: varbit_change
2026-03-29 20:12:38.745 WARN  [rpc-reader] [system] c.botwithus.bot.core.rpc.RpcClient - Event dispatch backpressure: 100 concurrent handlers, dropping event: varbit_change
2026-03-29 20:12:38.746 WARN  [rpc-reader] [system] c.botwithus.bot.core.rpc.RpcClient - Event dispatch backpressure: 100 concurrent handlers, dropping event: varbit_change
2026-03-29 20:12:38.746 WARN  [rpc-reader] [system] c.botwithus.bot.core.rpc.RpcClient - Event dispatch backpressure: 100 concurrent handlers, dropping event: varbit_change
2026-03-29 20:12:38.746 WARN  [rpc-reader] [system] c.botwithus.bot.core.rpc.RpcClient - Event dispatch backpressure: 100 concurrent handlers, dropping event: varbit_change
2026-03-29 20:12:38.746 WARN  [rpc-reader] [system] c.botwithus.bot.core.rpc.RpcClient - Event dispatch backpressure: 100 concurrent handlers, dropping event: varbit_change
2026-03-29 20:12:38.746 WARN  [rpc-reader] [system] c.botwithus.bot.core.rpc.RpcClient - Event dispatch backpressure: 100 concurrent handlers, dropping event: varbit_change
2026-03-29 20:12:38.746 WARN  [rpc-reader] [system] c.botwithus.bot.core.rpc.RpcClient - Event dispatch backpressure: 100 concurrent handlers, dropping event: varbit_change
2026-03-29 20:12:38.746 WARN  [rpc-reader] [system] c.botwithus.bot.core.rpc.RpcClient - Event dispatch backpressure: 100 concurrent handlers, dropping event: varbit_change
2026-03-29 20:12:38.752 WARN  [rpc-reader] [system] c.botwithus.bot.core.rpc.RpcClient - Event dispatch backpressure: 100 concurrent handlers, dropping event: varbit_change
2026-03-29 20:12:38.753 WARN  [rpc-reader] [system] c.botwithus.bot.core.rpc.RpcClient - Event dispatch backpressure: 100 concurrent handlers, dropping event: varbit_change
2026-03-29 20:12:38.753 WARN  [rpc-reader] [system] c.botwithus.bot.core.rpc.RpcClient - Event dispatch backpressure: 100 concurrent handlers, dropping event: varbit_change
2026-03-29 20:12:38.753 WARN  [rpc-reader] [system] c.botwithus.bot.core.rpc.RpcClient - Event dispatch backpressure: 100 concurrent handlers, dropping event: varbit_change
2026-03-29 20:12:38.753 WARN  [rpc-reader] [system] c.botwithus.bot.core.rpc.RpcClient - Event dispatch backpressure: 100 concurrent handlers, dropping event: varbit_change
2026-03-29 20:12:38.753 WARN  [rpc-reader] [system] c.botwithus.bot.core.rpc.RpcClient - Event dispatch backpressure: 100 concurrent handlers, dropping event: varbit_change
2026-03-29 20:12:38.753 WARN  [rpc-reader] [system] c.botwithus.bot.core.rpc.RpcClient - Event dispatch backpressure: 100 concurrent handlers, dropping event: varbit_change
2026-03-29 20:12:38.753 WARN  [rpc-reader] [system] c.botwithus.bot.core.rpc.RpcClient - Event dispatch backpressure: 100 concurrent handlers, dropping event: varbit_change
2026-03-29 20:12:38.754 WARN  [rpc-reader] [system] c.botwithus.bot.core.rpc.RpcClient - Event dispatch backpressure: 100 concurrent handlers, dropping event: varbit_change
2026-03-29 20:12:38.794 WARN  [rpc-reader] [system] c.botwithus.bot.core.rpc.RpcClient - Event dispatch backpressure: 100 concurrent handlers, dropping event: varbit_change
2026-03-29 20:12:38.794 WARN  [rpc-reader] [system] c.botwithus.bot.core.rpc.RpcClient - Event dispatch backpressure: 100 concurrent handlers, dropping event: varbit_change
2026-03-29 20:12:38.794 WARN  [rpc-reader] [system] c.botwithus.bot.core.rpc.RpcClient - Event dispatch backpressure: 100 concurrent handlers, dropping event: varbit_change
2026-03-29 20:12:38.863 WARN  [rpc-reader] [system] c.botwithus.bot.core.rpc.RpcClient - Event dispatch backpressure: 100 concurrent handlers, dropping event: varbit_change
2026-03-29 20:12:38.863 WARN  [rpc-reader] [system] c.botwithus.bot.core.rpc.RpcClient - Event dispatch backpressure: 100 concurrent handlers, dropping event: varbit_change
2026-03-29 20:12:38.864 WARN  [rpc-reader] [system] c.botwithus.bot.core.rpc.RpcClient - Event dispatch backpressure: 100 concurrent handlers, dropping event: varbit_change
2026-03-29 20:12:38.864 WARN  [rpc-reader] [system] c.botwithus.bot.core.rpc.RpcClient - Event dispatch backpressure: 100 concurrent handlers, dropping event: varbit_change
2026-03-29 20:12:38.864 WARN  [rpc-reader] [system] c.botwithus.bot.core.rpc.RpcClient - Event dispatch backpressure: 100 concurrent handlers, dropping event: varbit_change
2026-03-29 20:12:38.864 WARN  [rpc-reader] [system] c.botwithus.bot.core.rpc.RpcClient - Event dispatch backpressure: 100 concurrent handlers, dropping event: varbit_change
2026-03-29 20:12:38.864 WARN  [rpc-reader] [system] c.botwithus.bot.core.rpc.RpcClient - Event dispatch backpressure: 100 concurrent handlers, dropping event: varbit_change
2026-03-29 20:12:38.864 WARN  [rpc-reader] [system] c.botwithus.bot.core.rpc.RpcClient - Event dispatch backpressure: 100 concurrent handlers, dropping event: varbit_change
2026-03-29 20:12:38.864 WARN  [rpc-reader] [system] c.botwithus.bot.core.rpc.RpcClient - Event dispatch backpressure: 100 concurrent handlers, dropping event: varbit_change
2026-03-29 20:12:38.864 WARN  [rpc-reader] [system] c.botwithus.bot.core.rpc.RpcClient - Event dispatch backpressure: 100 concurrent handlers, dropping event: varbit_change
2026-03-29 20:12:38.864 WARN  [rpc-reader] [system] c.botwithus.bot.core.rpc.RpcClient - Event dispatch backpressure: 100 concurrent handlers, dropping event: varbit_change
2026-03-29 20:12:38.864 WARN  [rpc-reader] [system] c.botwithus.bot.core.rpc.RpcClient - Event dispatch backpressure: 100 concurrent handlers, dropping event: varbit_change
2026-03-29 20:12:38.864 WARN  [rpc-reader] [system] c.botwithus.bot.core.rpc.RpcClient - Event dispatch backpressure: 100 concurrent handlers, dropping event: varbit_change
2026-03-29 20:12:38.864 WARN  [rpc-reader] [system] c.botwithus.bot.core.rpc.RpcClient - Event dispatch backpressure: 100 concurrent handlers, dropping event: varbit_change
2026-03-29 20:12:38.864 WARN  [rpc-reader] [system] c.botwithus.bot.core.rpc.RpcClient - Event dispatch backpressure: 100 concurrent handlers, dropping event: varbit_change
2026-03-29 20:12:38.864 WARN  [rpc-reader] [system] c.botwithus.bot.core.rpc.RpcClient - Event dispatch backpressure: 100 concurrent handlers, dropping event: varbit_change
2026-03-29 20:12:38.864 WARN  [rpc-reader] [system] c.botwithus.bot.core.rpc.RpcClient - Event dispatch backpressure: 100 concurrent handlers, dropping event: varbit_change
2026-03-29 20:12:38.864 WARN  [rpc-reader] [system] c.botwithus.bot.core.rpc.RpcClient - Event dispatch backpressure: 100 concurrent handlers, dropping event: varbit_change
2026-03-29 20:12:38.864 WARN  [rpc-reader] [system] c.botwithus.bot.core.rpc.RpcClient - Event dispatch backpressure: 100 concurrent handlers, dropping event: varbit_change
2026-03-29 20:12:38.864 WARN  [rpc-reader] [system] c.botwithus.bot.core.rpc.RpcClient - Event dispatch backpressure: 100 concurrent handlers, dropping event: varbit_change
2026-03-29 20:12:38.864 WARN  [rpc-reader] [system] c.botwithus.bot.core.rpc.RpcClient - Event dispatch backpressure: 100 concurrent handlers, dropping event: varbit_change
2026-03-29 20:12:38.864 WARN  [rpc-reader] [system] c.botwithus.bot.core.rpc.RpcClient - Event dispatch backpressure: 100 concurrent handlers, dropping event: varbit_change
2026-03-29 20:12:38.864 WARN  [rpc-reader] [system] c.botwithus.bot.core.rpc.RpcClient - Event dispatch backpressure: 100 concurrent handlers, dropping event: varbit_change
2026-03-29 20:12:38.865 WARN  [rpc-reader] [system] c.botwithus.bot.core.rpc.RpcClient - Event dispatch backpressure: 100 concurrent handlers, dropping event: varbit_change
2026-03-29 20:12:38.878 WARN  [rpc-reader] [system] c.botwithus.bot.core.rpc.RpcClient - Event dispatch backpressure: 100 concurrent handlers, dropping event: varbit_change
2026-03-29 21:15:36.958 INFO  [bwu-cmd] [system] c.b.bot.api.nav.LocalPathfinder - [LocalPathfinder] Initialized with regions from navdata\regions
2026-03-29 21:15:38.584 INFO  [bwu-cmd] [system] c.b.b.core.runtime.LocalScriptLoader - Found 2 JAR(s) in E:\Desktop\Projects\V2 Xapi\scripts
2026-03-29 21:15:38.671 INFO  [bwu-cmd] [system] c.b.b.core.runtime.LocalScriptLoader - Loaded: com.xapi.debugger.XapiScript
2026-03-29 21:15:38.673 INFO  [bwu-cmd] [system] c.b.b.core.runtime.LocalScriptLoader - Loaded: com.botwithus.bot.scripts.woodcutting.WoodcuttingScript
2026-03-29 21:15:38.673 ERROR [bwu-cmd] [system] c.b.bot.core.runtime.SDNScriptLoader - lockdown0() failed: Failed to call lockdown0()
2026-03-29 21:15:39.787 INFO  [script-Woodcutting] [Woodcutting] c.b.b.s.w.WoodcuttingScript - [Woodcutting] Idle timeout from varbit 54077: 6s
2026-03-29 21:15:39.789 INFO  [script-Woodcutting] [Woodcutting] c.b.bot.scripts.woodcutting.Quirks - [Quirks] Session personality: earlyFill=24% (at 16), notNearest=8%, idleStare=3%, earlyBank=2slots, fidget=4%
2026-03-29 21:15:39.826 INFO  [script-Woodcutting] [Woodcutting] c.b.bot.api.nav.WorldPathfinder - [WorldPathfinder] Loaded transitions: 1603 local, 0 teleports, 255 regions
2026-03-29 21:15:39.828 INFO  [script-Woodcutting] [Woodcutting] c.b.bot.api.nav.WorldPathfinder - [WorldPathfinder] Initialized with navdata from navdata
2026-03-29 21:15:40.081 INFO  [script-Woodcutting] [Woodcutting] c.b.b.s.w.WoodcuttingScript - [Woodcutting] Started - tree=Willow, pathfinder=active
2026-03-29 21:17:01.867 INFO  [script-Woodcutting] [Woodcutting] c.b.bot.api.inventory.WoodBox - [WoodBox] Filling Acadia wood box
2026-03-29 21:18:28.940 INFO  [script-Woodcutting] [Woodcutting] c.b.bot.api.inventory.WoodBox - [WoodBox] Filling Acadia wood box
2026-03-29 21:20:24.136 INFO  [script-Woodcutting] [Woodcutting] c.b.bot.api.inventory.WoodBox - [WoodBox] Filling Acadia wood box
2026-03-29 21:20:31.355 INFO  [script-Woodcutting] [Woodcutting] c.b.b.s.w.WoodcuttingScript - [Woodcutting] Stopped - logs=57, fills=3, trips=0
2026-03-29 21:20:32.271 INFO  [bwu-cmd] [system] c.b.b.core.runtime.LocalScriptLoader - Found 2 JAR(s) in E:\Desktop\Projects\V2 Xapi\scripts
2026-03-29 21:20:32.277 INFO  [bwu-cmd] [system] c.b.b.core.runtime.LocalScriptLoader - Loaded: com.xapi.debugger.XapiScript
2026-03-29 21:20:32.279 INFO  [bwu-cmd] [system] c.b.b.core.runtime.LocalScriptLoader - Loaded: com.botwithus.bot.scripts.woodcutting.WoodcuttingScript
2026-03-29 21:20:32.279 ERROR [bwu-cmd] [system] c.b.bot.core.runtime.SDNScriptLoader - lockdown0() failed: Failed to call lockdown0()
2026-03-29 21:20:32.279 INFO  [bwu-cmd] [system] c.b.bot.core.runtime.ScriptRuntime - Stopped script: Xapi
2026-03-29 21:20:32.279 INFO  [bwu-cmd] [system] c.b.bot.core.runtime.ScriptRuntime - Stopped script: Woodcutting
2026-03-29 21:20:33.921 INFO  [script-Woodcutting] [Woodcutting] c.b.b.s.w.WoodcuttingScript - [Woodcutting] Idle timeout from varbit 54077: 6s
2026-03-29 21:20:33.922 INFO  [script-Woodcutting] [Woodcutting] c.b.bot.scripts.woodcutting.Quirks - [Quirks] Session personality: earlyFill=47% (at 15), notNearest=10%, idleStare=8%, earlyBank=0slots, fidget=5%
2026-03-29 21:20:33.924 INFO  [script-Woodcutting] [Woodcutting] c.b.b.s.w.WoodcuttingScript - [Woodcutting] Started - tree=Willow, pathfinder=active
2026-03-29 21:20:51.958 INFO  [script-Woodcutting] [Woodcutting] c.b.b.s.w.WoodcuttingScript - [Woodcutting] Stopped - logs=4, fills=0, trips=0
2026-03-29 21:20:52.716 INFO  [bwu-cmd] [system] c.b.b.core.runtime.LocalScriptLoader - Found 2 JAR(s) in E:\Desktop\Projects\V2 Xapi\scripts
2026-03-29 21:20:52.723 INFO  [bwu-cmd] [system] c.b.b.core.runtime.LocalScriptLoader - Loaded: com.xapi.debugger.XapiScript
2026-03-29 21:20:52.724 INFO  [bwu-cmd] [system] c.b.b.core.runtime.LocalScriptLoader - Loaded: com.botwithus.bot.scripts.woodcutting.WoodcuttingScript
2026-03-29 21:20:52.724 ERROR [bwu-cmd] [system] c.b.bot.core.runtime.SDNScriptLoader - lockdown0() failed: Failed to call lockdown0()
2026-03-29 21:20:52.724 INFO  [bwu-cmd] [system] c.b.bot.core.runtime.ScriptRuntime - Stopped script: Xapi
2026-03-29 21:20:52.724 INFO  [bwu-cmd] [system] c.b.bot.core.runtime.ScriptRuntime - Stopped script: Woodcutting
2026-03-29 21:20:55.384 INFO  [script-Woodcutting] [Woodcutting] c.b.b.s.w.WoodcuttingScript - [Woodcutting] Idle timeout from varbit 54077: 6s
2026-03-29 21:20:55.385 INFO  [script-Woodcutting] [Woodcutting] c.b.bot.scripts.woodcutting.Quirks - [Quirks] Session personality: earlyFill=33% (at 19), notNearest=4%, idleStare=11%, earlyBank=3slots, fidget=5%
2026-03-29 21:20:55.387 INFO  [script-Woodcutting] [Woodcutting] c.b.b.s.w.WoodcuttingScript - [Woodcutting] Started - tree=Willow, pathfinder=active
2026-03-29 21:20:58.265 INFO  [bwu-cmd] [system] c.b.b.core.runtime.LocalScriptLoader - Found 2 JAR(s) in E:\Desktop\Projects\V2 Xapi\scripts
2026-03-29 21:20:58.268 INFO  [bwu-cmd] [system] c.b.b.core.runtime.LocalScriptLoader - Loaded: com.xapi.debugger.XapiScript
2026-03-29 21:20:58.269 INFO  [bwu-cmd] [system] c.b.b.core.runtime.LocalScriptLoader - Loaded: com.botwithus.bot.scripts.woodcutting.WoodcuttingScript
2026-03-29 21:20:58.269 ERROR [bwu-cmd] [system] c.b.bot.core.runtime.SDNScriptLoader - lockdown0() failed: Failed to call lockdown0()
2026-03-29 21:20:58.269 INFO  [bwu-cmd] [system] c.b.bot.core.runtime.ScriptRuntime - Stopped script: Xapi
2026-03-29 21:20:58.270 INFO  [script-Woodcutting] [Woodcutting] c.b.b.s.w.WoodcuttingScript - [Woodcutting] Stopped - logs=1, fills=0, trips=0
2026-03-29 21:20:58.272 INFO  [bwu-cmd] [system] c.b.bot.core.runtime.ScriptRuntime - Stopped script: Woodcutting
2026-03-29 21:20:59.632 INFO  [bwu-cmd] [system] c.b.b.core.runtime.LocalScriptLoader - Found 2 JAR(s) in E:\Desktop\Projects\V2 Xapi\scripts
2026-03-29 21:20:59.636 INFO  [bwu-cmd] [system] c.b.b.core.runtime.LocalScriptLoader - Loaded: com.xapi.debugger.XapiScript
2026-03-29 21:20:59.637 INFO  [bwu-cmd] [system] c.b.b.core.runtime.LocalScriptLoader - Loaded: com.botwithus.bot.scripts.woodcutting.WoodcuttingScript
2026-03-29 21:20:59.637 ERROR [bwu-cmd] [system] c.b.bot.core.runtime.SDNScriptLoader - lockdown0() failed: Failed to call lockdown0()
2026-03-29 21:20:59.637 INFO  [bwu-cmd] [system] c.b.bot.core.runtime.ScriptRuntime - Stopped script: Xapi
2026-03-29 21:20:59.637 INFO  [bwu-cmd] [system] c.b.bot.core.runtime.ScriptRuntime - Stopped script: Woodcutting
2026-03-29 21:21:00.435 INFO  [script-Woodcutting] [Woodcutting] c.b.b.s.w.WoodcuttingScript - [Woodcutting] Idle timeout from varbit 54077: 6s
2026-03-29 21:21:00.436 INFO  [script-Woodcutting] [Woodcutting] c.b.bot.scripts.woodcutting.Quirks - [Quirks] Session personality: earlyFill=27% (at 12), notNearest=11%, idleStare=5%, earlyBank=0slots, fidget=2%
2026-03-29 21:21:00.438 INFO  [script-Woodcutting] [Woodcutting] c.b.b.s.w.WoodcuttingScript - [Woodcutting] Started - tree=Willow, pathfinder=active
2026-03-29 21:21:42.381 INFO  [script-Woodcutting] [Woodcutting] c.b.bot.api.inventory.WoodBox - [WoodBox] Filling Acadia wood box
2026-03-29 21:22:56.297 INFO  [script-Woodcutting] [Woodcutting] c.b.bot.api.inventory.WoodBox - [WoodBox] Filling Acadia wood box
2026-03-29 21:22:58.532 INFO  [script-Woodcutting] [Woodcutting] c.b.b.s.w.WoodcuttingScript - [Woodcutting] Stopped - logs=24, fills=2, trips=0
2026-03-29 21:22:59.165 INFO  [bwu-cmd] [system] c.b.b.core.runtime.LocalScriptLoader - Found 2 JAR(s) in E:\Desktop\Projects\V2 Xapi\scripts
2026-03-29 21:22:59.169 INFO  [bwu-cmd] [system] c.b.b.core.runtime.LocalScriptLoader - Loaded: com.xapi.debugger.XapiScript
2026-03-29 21:22:59.170 INFO  [bwu-cmd] [system] c.b.b.core.runtime.LocalScriptLoader - Loaded: com.botwithus.bot.scripts.woodcutting.WoodcuttingScript
2026-03-29 21:22:59.170 ERROR [bwu-cmd] [system] c.b.bot.core.runtime.SDNScriptLoader - lockdown0() failed: Failed to call lockdown0()
2026-03-29 21:22:59.170 INFO  [bwu-cmd] [system] c.b.bot.core.runtime.ScriptRuntime - Stopped script: Xapi
2026-03-29 21:22:59.170 INFO  [bwu-cmd] [system] c.b.bot.core.runtime.ScriptRuntime - Stopped script: Woodcutting
2026-03-29 21:23:00.311 INFO  [script-Woodcutting] [Woodcutting] c.b.b.s.w.WoodcuttingScript - [Woodcutting] Idle timeout from varbit 54077: 6s
2026-03-29 21:23:00.313 INFO  [script-Woodcutting] [Woodcutting] c.b.bot.scripts.woodcutting.Quirks - [Quirks] Session personality: earlyFill=8% (at 14), notNearest=11%, idleStare=9%, earlyBank=1slots, fidget=7%
2026-03-29 21:23:00.316 INFO  [script-Woodcutting] [Woodcutting] c.b.b.s.w.WoodcuttingScript - [Woodcutting] Started - tree=Willow, pathfinder=active
2026-03-29 21:25:05.377 INFO  [bwu-cmd] [system] c.b.b.core.runtime.LocalScriptLoader - Found 2 JAR(s) in E:\Desktop\Projects\V2 Xapi\scripts
2026-03-29 21:25:05.382 INFO  [bwu-cmd] [system] c.b.b.core.runtime.LocalScriptLoader - Loaded: com.xapi.debugger.XapiScript
2026-03-29 21:25:05.383 INFO  [bwu-cmd] [system] c.b.b.core.runtime.LocalScriptLoader - Loaded: com.botwithus.bot.scripts.woodcutting.WoodcuttingScript
2026-03-29 21:25:05.383 ERROR [bwu-cmd] [system] c.b.bot.core.runtime.SDNScriptLoader - lockdown0() failed: Failed to call lockdown0()
2026-03-29 21:25:05.384 INFO  [bwu-cmd] [system] c.b.bot.core.runtime.ScriptRuntime - Stopped script: Xapi
2026-03-29 21:25:05.384 INFO  [script-Woodcutting] [Woodcutting] c.b.b.s.w.WoodcuttingScript - [Woodcutting] Stopped - logs=16, fills=0, trips=0
2026-03-29 21:25:05.386 INFO  [bwu-cmd] [system] c.b.bot.core.runtime.ScriptRuntime - Stopped script: Woodcutting
2026-03-29 21:25:05.796 INFO  [bwu-cmd] [system] c.b.b.core.runtime.LocalScriptLoader - Found 2 JAR(s) in E:\Desktop\Projects\V2 Xapi\scripts
2026-03-29 21:25:05.800 INFO  [bwu-cmd] [system] c.b.b.core.runtime.LocalScriptLoader - Loaded: com.xapi.debugger.XapiScript
2026-03-29 21:25:05.801 INFO  [bwu-cmd] [system] c.b.b.core.runtime.LocalScriptLoader - Loaded: com.botwithus.bot.scripts.woodcutting.WoodcuttingScript
2026-03-29 21:25:05.801 ERROR [bwu-cmd] [system] c.b.bot.core.runtime.SDNScriptLoader - lockdown0() failed: Failed to call lockdown0()
2026-03-29 21:25:05.801 INFO  [bwu-cmd] [system] c.b.bot.core.runtime.ScriptRuntime - Stopped script: Xapi
2026-03-29 21:25:05.801 INFO  [bwu-cmd] [system] c.b.bot.core.runtime.ScriptRuntime - Stopped script: Woodcutting
2026-03-29 21:25:06.845 INFO  [script-Woodcutting] [Woodcutting] c.b.b.s.w.WoodcuttingScript - [Woodcutting] Idle timeout from varbit 54077: 6s
2026-03-29 21:25:06.846 INFO  [script-Woodcutting] [Woodcutting] c.b.bot.scripts.woodcutting.Quirks - [Quirks] Session personality: earlyFill=14% (at 15), notNearest=5%, idleStare=4%, earlyBank=2slots, fidget=3%
2026-03-29 21:25:06.851 INFO  [script-Woodcutting] [Woodcutting] c.b.b.s.w.WoodcuttingScript - [Woodcutting] Started - tree=Willow, pathfinder=active
2026-03-29 21:25:10.100 INFO  [script-Woodcutting] [Woodcutting] c.b.b.s.w.WoodcuttingScript - [Woodcutting] Stopped - logs=0, fills=0, trips=0
2026-03-29 21:25:21.554 INFO  [bwu-cmd] [system] c.b.bot.api.nav.LocalPathfinder - [LocalPathfinder] Initialized with regions from navdata\regions
2026-03-29 21:25:22.691 INFO  [bwu-cmd] [system] c.b.b.core.runtime.LocalScriptLoader - Found 2 JAR(s) in E:\Desktop\Projects\V2 Xapi\scripts
2026-03-29 21:25:22.700 INFO  [bwu-cmd] [system] c.b.b.core.runtime.LocalScriptLoader - Loaded: com.xapi.debugger.XapiScript
2026-03-29 21:25:22.702 INFO  [bwu-cmd] [system] c.b.b.core.runtime.LocalScriptLoader - Loaded: com.botwithus.bot.scripts.woodcutting.WoodcuttingScript
2026-03-29 21:25:22.703 ERROR [bwu-cmd] [system] c.b.bot.core.runtime.SDNScriptLoader - lockdown0() failed: Failed to call lockdown0()
2026-03-29 21:25:23.560 INFO  [script-Woodcutting] [Woodcutting] c.b.b.s.w.WoodcuttingScript - [Woodcutting] Idle timeout from varbit 54077: 6s
2026-03-29 21:25:23.564 INFO  [script-Woodcutting] [Woodcutting] c.b.bot.scripts.woodcutting.Quirks - [Quirks] Session personality: earlyFill=0% (at 16), notNearest=8%, idleStare=12%, earlyBank=0slots, fidget=3%
2026-03-29 21:25:23.595 INFO  [script-Woodcutting] [Woodcutting] c.b.bot.api.nav.WorldPathfinder - [WorldPathfinder] Loaded transitions: 1603 local, 0 teleports, 255 regions
2026-03-29 21:25:23.597 INFO  [script-Woodcutting] [Woodcutting] c.b.bot.api.nav.WorldPathfinder - [WorldPathfinder] Initialized with navdata from navdata
2026-03-29 21:25:23.844 INFO  [script-Woodcutting] [Woodcutting] c.b.b.s.w.WoodcuttingScript - [Woodcutting] Started - tree=Willow, pathfinder=active
2026-03-29 21:25:43.258 INFO  [bwu-cmd] [system] c.b.b.core.runtime.LocalScriptLoader - Found 2 JAR(s) in E:\Desktop\Projects\V2 Xapi\scripts
2026-03-29 21:25:43.263 INFO  [bwu-cmd] [system] c.b.b.core.runtime.LocalScriptLoader - Loaded: com.xapi.debugger.XapiScript
2026-03-29 21:25:43.264 INFO  [bwu-cmd] [system] c.b.b.core.runtime.LocalScriptLoader - Loaded: com.botwithus.bot.scripts.woodcutting.WoodcuttingScript
2026-03-29 21:25:43.264 ERROR [bwu-cmd] [system] c.b.bot.core.runtime.SDNScriptLoader - lockdown0() failed: Failed to call lockdown0()
2026-03-29 21:25:43.266 INFO  [bwu-cmd] [system] c.b.bot.core.runtime.ScriptRuntime - Stopped script: Xapi
2026-03-29 21:25:43.266 INFO  [script-Woodcutting] [Woodcutting] c.b.b.s.w.WoodcuttingScript - [Woodcutting] Stopped - logs=3, fills=0, trips=0
2026-03-29 21:25:43.268 INFO  [bwu-cmd] [system] c.b.bot.core.runtime.ScriptRuntime - Stopped script: Woodcutting
2026-03-29 21:31:21.315 INFO  [bwu-cmd] [system] c.b.bot.api.nav.LocalPathfinder - [LocalPathfinder] Initialized with regions from navdata\regions
2026-03-29 21:31:22.882 INFO  [bwu-cmd] [system] c.b.b.core.runtime.LocalScriptLoader - Found 2 JAR(s) in E:\Desktop\Projects\V2 Xapi\scripts
2026-03-29 21:31:22.893 INFO  [bwu-cmd] [system] c.b.b.core.runtime.LocalScriptLoader - Loaded: com.xapi.debugger.XapiScript
2026-03-29 21:31:22.894 INFO  [bwu-cmd] [system] c.b.b.core.runtime.LocalScriptLoader - Loaded: com.botwithus.bot.scripts.woodcutting.WoodcuttingScript
2026-03-29 21:31:22.895 ERROR [bwu-cmd] [system] c.b.bot.core.runtime.SDNScriptLoader - lockdown0() failed: Failed to call lockdown0()
2026-03-29 21:31:23.778 INFO  [script-Woodcutting] [Woodcutting] c.b.b.s.w.WoodcuttingScript - [Woodcutting] Idle timeout from varbit 54077: 6s
2026-03-29 21:31:23.782 INFO  [script-Woodcutting] [Woodcutting] c.b.bot.scripts.woodcutting.Quirks - [Quirks] Session personality: earlyFill=17% (at 20), notNearest=10%, idleStare=13%, earlyBank=1slots, fidget=7%
2026-03-29 21:31:23.814 INFO  [script-Woodcutting] [Woodcutting] c.b.bot.api.nav.WorldPathfinder - [WorldPathfinder] Loaded transitions: 1603 local, 0 teleports, 255 regions
2026-03-29 21:31:23.815 INFO  [script-Woodcutting] [Woodcutting] c.b.bot.api.nav.WorldPathfinder - [WorldPathfinder] Initialized with navdata from navdata
2026-03-29 21:31:24.071 INFO  [script-Woodcutting] [Woodcutting] c.b.b.s.w.WoodcuttingScript - [Woodcutting] Started - tree=Willow, pathfinder=active
2026-03-29 21:31:48.724 INFO  [script-Woodcutting] [Woodcutting] c.b.bot.api.inventory.WoodBox - [WoodBox] Filling Acadia wood box
2026-03-29 21:33:33.720 INFO  [script-Woodcutting] [Woodcutting] c.b.bot.api.inventory.WoodBox - [WoodBox] Filling Acadia wood box
2026-03-29 21:36:40.738 INFO  [script-Woodcutting] [Woodcutting] c.b.bot.api.inventory.WoodBox - [WoodBox] Emptying logs from Acadia wood box (slot 0)
2026-03-29 21:38:48.005 INFO  [script-Woodcutting] [Woodcutting] c.b.bot.api.inventory.WoodBox - [WoodBox] Filling Acadia wood box
2026-03-29 21:40:37.975 INFO  [script-Woodcutting] [Woodcutting] c.b.bot.api.inventory.WoodBox - [WoodBox] Filling Acadia wood box
2026-03-29 21:42:48.807 INFO  [script-Woodcutting] [Woodcutting] c.b.bot.api.inventory.WoodBox - [WoodBox] Filling Acadia wood box
2026-03-29 21:44:36.831 INFO  [bwu-cmd] [system] c.b.b.core.runtime.LocalScriptLoader - Found 2 JAR(s) in E:\Desktop\Projects\V2 Xapi\scripts
2026-03-29 21:44:36.836 INFO  [bwu-cmd] [system] c.b.b.core.runtime.LocalScriptLoader - Loaded: com.xapi.debugger.XapiScript
2026-03-29 21:44:36.838 INFO  [bwu-cmd] [system] c.b.b.core.runtime.LocalScriptLoader - Loaded: com.botwithus.bot.scripts.woodcutting.WoodcuttingScript
2026-03-29 21:44:36.839 ERROR [bwu-cmd] [system] c.b.bot.core.runtime.SDNScriptLoader - lockdown0() failed: Failed to call lockdown0()
2026-03-29 21:44:36.839 INFO  [bwu-cmd] [system] c.b.bot.core.runtime.ScriptRuntime - Stopped script: Xapi
2026-03-29 21:44:36.839 INFO  [script-Woodcutting] [Woodcutting] c.b.b.s.w.WoodcuttingScript - [Woodcutting] Stopped - logs=136, fills=5, trips=1
2026-03-29 21:44:36.843 INFO  [bwu-cmd] [system] c.b.bot.core.runtime.ScriptRuntime - Stopped script: Woodcutting
2026-03-29 21:44:42.555 INFO  [script-Woodcutting] [Woodcutting] c.b.b.s.w.WoodcuttingScript - [Woodcutting] Idle timeout from varbit 54077: 6s
2026-03-29 21:44:42.556 INFO  [script-Woodcutting] [Woodcutting] c.b.bot.scripts.woodcutting.Quirks - [Quirks] Session personality: earlyFill=23% (at 18), notNearest=7%, idleStare=12%, earlyBank=1slots, fidget=5%
2026-03-29 21:44:42.558 INFO  [script-Woodcutting] [Woodcutting] c.b.b.s.w.WoodcuttingScript - [Woodcutting] Started - tree=Willow, pathfinder=active
2026-03-29 21:44:46.456 INFO  [script-Woodcutting] [Woodcutting] c.b.b.s.w.WoodcuttingScript - [Woodcutting] Stopped - logs=1, fills=0, trips=0
2026-03-29 21:44:47.105 INFO  [bwu-cmd] [system] c.b.b.core.runtime.LocalScriptLoader - Found 2 JAR(s) in E:\Desktop\Projects\V2 Xapi\scripts
2026-03-29 21:44:47.112 INFO  [bwu-cmd] [system] c.b.b.core.runtime.LocalScriptLoader - Loaded: com.xapi.debugger.XapiScript
2026-03-29 21:44:47.113 INFO  [bwu-cmd] [system] c.b.b.core.runtime.LocalScriptLoader - Loaded: com.botwithus.bot.scripts.woodcutting.WoodcuttingScript
2026-03-29 21:44:47.114 ERROR [bwu-cmd] [system] c.b.bot.core.runtime.SDNScriptLoader - lockdown0() failed: Failed to call lockdown0()
2026-03-29 21:44:47.114 INFO  [bwu-cmd] [system] c.b.bot.core.runtime.ScriptRuntime - Stopped script: Xapi
2026-03-29 21:44:47.114 INFO  [bwu-cmd] [system] c.b.bot.core.runtime.ScriptRuntime - Stopped script: Woodcutting
2026-03-29 21:45:52.759 INFO  [bwu-cmd] [system] c.b.b.core.runtime.LocalScriptLoader - Found 2 JAR(s) in E:\Desktop\Projects\V2 Xapi\scripts
2026-03-29 21:45:52.763 INFO  [bwu-cmd] [system] c.b.b.core.runtime.LocalScriptLoader - Loaded: com.xapi.debugger.XapiScript
2026-03-29 21:45:52.763 INFO  [bwu-cmd] [system] c.b.b.core.runtime.LocalScriptLoader - Loaded: com.botwithus.bot.scripts.woodcutting.WoodcuttingScript
2026-03-29 21:45:52.764 ERROR [bwu-cmd] [system] c.b.bot.core.runtime.SDNScriptLoader - lockdown0() failed: Failed to call lockdown0()
2026-03-29 21:45:52.764 INFO  [bwu-cmd] [system] c.b.bot.core.runtime.ScriptRuntime - Stopped script: Xapi
2026-03-29 21:45:52.764 INFO  [bwu-cmd] [system] c.b.bot.core.runtime.ScriptRuntime - Stopped script: Woodcutting
2026-03-29 21:45:53.636 INFO  [script-Woodcutting] [Woodcutting] c.b.b.s.w.WoodcuttingScript - [Woodcutting] Idle timeout from varbit 54077: 6s
2026-03-29 21:45:53.637 INFO  [script-Woodcutting] [Woodcutting] c.b.bot.scripts.woodcutting.Quirks - [Quirks] Session personality: earlyFill=43% (at 16), notNearest=3%, idleStare=13%, earlyBank=2slots, fidget=3%
2026-03-29 21:45:53.640 INFO  [script-Woodcutting] [Woodcutting] c.b.b.s.w.WoodcuttingScript - [Woodcutting] Started - tree=Willow, pathfinder=active
2026-03-29 21:46:11.696 INFO  [script-Woodcutting] [Woodcutting] c.b.bot.api.inventory.WoodBox - [WoodBox] Filling Acadia wood box
2026-03-29 21:48:04.093 INFO  [script-Woodcutting] [Woodcutting] c.b.bot.api.inventory.WoodBox - [WoodBox] Filling Acadia wood box
2026-03-29 21:49:31.268 INFO  [script-Woodcutting] [Woodcutting] c.b.bot.api.inventory.WoodBox - [WoodBox] Filling Acadia wood box
2026-03-29 21:51:02.302 INFO  [script-Woodcutting] [Woodcutting] c.b.bot.api.inventory.WoodBox - [WoodBox] Filling Acadia wood box
2026-03-29 21:52:11.851 INFO  [script-Woodcutting] [Woodcutting] c.b.bot.api.inventory.WoodBox - [WoodBox] Filling Acadia wood box
2026-03-29 21:53:30.875 INFO  [script-Woodcutting] [Woodcutting] c.b.bot.api.inventory.WoodBox - [WoodBox] Filling Acadia wood box
2026-03-29 21:54:54.959 INFO  [script-Woodcutting] [Woodcutting] c.b.bot.api.inventory.WoodBox - [WoodBox] Filling Acadia wood box
2026-03-29 21:57:17.957 INFO  [script-Woodcutting] [Woodcutting] c.b.bot.api.inventory.WoodBox - [WoodBox] Emptying logs from Acadia wood box (slot 0)
2026-03-29 21:57:20.311 INFO  [script-Woodcutting] [Woodcutting] c.b.bot.api.inventory.WoodBox - [WoodBox] Filling Acadia wood box
2026-03-29 21:58:34.939 INFO  [script-Woodcutting] [Woodcutting] c.b.bot.api.inventory.WoodBox - [WoodBox] Filling Acadia wood box
2026-03-29 22:00:54.918 INFO  [script-Woodcutting] [Woodcutting] c.b.bot.api.inventory.WoodBox - [WoodBox] Filling Acadia wood box
2026-03-29 22:02:19.558 INFO  [script-Woodcutting] [Woodcutting] c.b.bot.api.inventory.WoodBox - [WoodBox] Filling Acadia wood box
2026-03-29 22:03:36.942 INFO  [script-Woodcutting] [Woodcutting] c.b.bot.api.inventory.WoodBox - [WoodBox] Filling Acadia wood box
2026-03-29 22:05:42.048 INFO  [script-Woodcutting] [Woodcutting] c.b.bot.api.inventory.WoodBox - [WoodBox] Filling Acadia wood box
2026-03-29 22:07:53.006 INFO  [script-Woodcutting] [Woodcutting] c.b.bot.api.inventory.WoodBox - [WoodBox] Filling Acadia wood box
2026-03-29 22:10:02.120 INFO  [script-Woodcutting] [Woodcutting] c.b.bot.api.inventory.WoodBox - [WoodBox] Filling Acadia wood box
2026-03-29 22:11:29.120 INFO  [script-Woodcutting] [Woodcutting] c.b.bot.api.inventory.WoodBox - [WoodBox] Filling Acadia wood box
2026-03-29 22:12:42.238 INFO  [script-Woodcutting] [Woodcutting] c.b.bot.api.inventory.WoodBox - [WoodBox] Filling Acadia wood box
2026-03-29 22:14:26.860 INFO  [script-Woodcutting] [Woodcutting] c.b.bot.api.inventory.WoodBox - [WoodBox] Filling Acadia wood box
2026-03-29 22:15:38.253 INFO  [script-Woodcutting] [Woodcutting] c.b.bot.api.inventory.WoodBox - [WoodBox] Emptying logs from Acadia wood box (slot 0)
2026-03-29 22:15:41.193 INFO  [script-Woodcutting] [Woodcutting] c.b.bot.api.inventory.WoodBox - [WoodBox] Filling Acadia wood box
2026-03-29 22:17:16.494 INFO  [script-Woodcutting] [Woodcutting] c.b.bot.api.inventory.WoodBox - [WoodBox] Filling Acadia wood box
2026-03-29 22:18:54.196 INFO  [script-Woodcutting] [Woodcutting] c.b.bot.api.inventory.WoodBox - [WoodBox] Filling Acadia wood box
2026-03-29 22:21:16.272 INFO  [script-Woodcutting] [Woodcutting] c.b.bot.api.inventory.WoodBox - [WoodBox] Filling Acadia wood box
2026-03-29 22:23:52.382 INFO  [script-Woodcutting] [Woodcutting] c.b.bot.api.inventory.WoodBox - [WoodBox] Filling Acadia wood box
2026-03-29 22:25:26.532 INFO  [script-Woodcutting] [Woodcutting] c.b.bot.api.inventory.WoodBox - [WoodBox] Filling Acadia wood box
2026-03-29 22:27:19.307 INFO  [script-Woodcutting] [Woodcutting] c.b.bot.api.inventory.WoodBox - [WoodBox] Filling Acadia wood box
2026-03-29 22:28:56.152 INFO  [script-Woodcutting] [Woodcutting] c.b.bot.api.inventory.WoodBox - [WoodBox] Filling Acadia wood box
2026-03-29 22:31:05.415 INFO  [script-Woodcutting] [Woodcutting] c.b.bot.api.inventory.WoodBox - [WoodBox] Filling Acadia wood box
2026-03-29 22:32:51.838 INFO  [script-Woodcutting] [Woodcutting] c.b.bot.api.inventory.WoodBox - [WoodBox] Filling Acadia wood box
2026-03-29 22:34:07.771 INFO  [script-Woodcutting] [Woodcutting] c.b.bot.api.inventory.WoodBox - [WoodBox] Emptying logs from Acadia wood box (slot 0)
2026-03-29 22:35:53.489 INFO  [script-Woodcutting] [Woodcutting] c.b.bot.api.inventory.WoodBox - [WoodBox] Filling Acadia wood box
2026-03-29 22:37:30.725 INFO  [script-Woodcutting] [Woodcutting] c.b.bot.api.inventory.WoodBox - [WoodBox] Filling Acadia wood box
2026-03-29 22:39:16.587 INFO  [script-Woodcutting] [Woodcutting] c.b.bot.api.inventory.WoodBox - [WoodBox] Filling Acadia wood box
2026-03-29 22:41:04.601 INFO  [script-Woodcutting] [Woodcutting] c.b.bot.api.inventory.WoodBox - [WoodBox] Filling Acadia wood box
2026-03-29 22:42:29.280 INFO  [script-Woodcutting] [Woodcutting] c.b.bot.api.inventory.WoodBox - [WoodBox] Filling Acadia wood box
2026-03-29 22:42:36.830 INFO  [bwu-cmd] [system] c.b.bot.api.nav.LocalPathfinder - [LocalPathfinder] Initialized with regions from navdata\regions
2026-03-29 22:42:41.175 INFO  [bwu-cmd] [system] c.b.b.core.runtime.LocalScriptLoader - Found 2 JAR(s) in E:\Desktop\Projects\V2 Xapi\scripts
2026-03-29 22:42:41.183 INFO  [bwu-cmd] [system] c.b.b.core.runtime.LocalScriptLoader - Loaded: com.xapi.debugger.XapiScript
2026-03-29 22:42:41.185 INFO  [bwu-cmd] [system] c.b.b.core.runtime.LocalScriptLoader - Loaded: com.botwithus.bot.scripts.woodcutting.WoodcuttingScript
2026-03-29 22:42:41.185 ERROR [bwu-cmd] [system] c.b.bot.core.runtime.SDNScriptLoader - lockdown0() failed: Failed to call lockdown0()
2026-03-29 22:42:42.199 INFO  [script-Woodcutting] [Woodcutting] c.b.b.s.w.WoodcuttingScript - [Woodcutting] Idle timeout from varbit 54077: 6s
2026-03-29 22:42:42.203 INFO  [script-Woodcutting] [Woodcutting] c.b.bot.scripts.woodcutting.Quirks - [Quirks] Session personality: earlyFill=2% (at 14), notNearest=5%, idleStare=7%, earlyBank=3slots, fidget=4%
2026-03-29 22:42:42.238 INFO  [script-Woodcutting] [Woodcutting] c.b.bot.api.nav.WorldPathfinder - [WorldPathfinder] Loaded transitions: 1603 local, 0 teleports, 255 regions
2026-03-29 22:42:42.240 INFO  [script-Woodcutting] [Woodcutting] c.b.bot.api.nav.WorldPathfinder - [WorldPathfinder] Initialized with navdata from navdata
2026-03-29 22:42:42.533 INFO  [script-Woodcutting] [Woodcutting] c.b.b.s.w.WoodcuttingScript - [Woodcutting] Started - tree=Willow, hotspot=Draynor Village
2026-03-29 22:43:42.731 INFO  [script-Woodcutting] [Woodcutting] c.b.bot.api.inventory.WoodBox - [WoodBox] Filling Acadia wood box
2026-03-29 22:45:28.947 INFO  [script-Woodcutting] [Woodcutting] c.b.bot.api.inventory.WoodBox - [WoodBox] Filling Acadia wood box
2026-03-29 22:47:09.211 INFO  [script-Woodcutting] [Woodcutting] c.b.bot.api.inventory.WoodBox - [WoodBox] Filling Acadia wood box
2026-03-29 22:50:38.546 INFO  [script-Woodcutting] [Woodcutting] c.b.bot.api.inventory.WoodBox - [WoodBox] Filling Acadia wood box
2026-03-29 22:52:22.751 INFO  [script-Woodcutting] [Woodcutting] c.b.bot.api.inventory.WoodBox - [WoodBox] Filling Acadia wood box
2026-03-29 22:54:45.735 INFO  [script-Woodcutting] [Woodcutting] c.b.bot.api.inventory.WoodBox - [WoodBox] Emptying logs from Acadia wood box (slot 0)
2026-03-29 22:57:12.628 INFO  [script-Woodcutting] [Woodcutting] c.b.bot.api.inventory.WoodBox - [WoodBox] Filling Acadia wood box
2026-03-29 23:00:26.093 INFO  [script-Woodcutting] [Woodcutting] c.b.bot.api.inventory.WoodBox - [WoodBox] Emptying logs from Acadia wood box (slot 0)
2026-03-29 23:03:33.993 INFO  [script-Woodcutting] [Woodcutting] c.b.bot.api.inventory.WoodBox - [WoodBox] Filling Acadia wood box
2026-03-29 23:05:11.402 INFO  [bwu-cmd] [system] c.b.bot.api.nav.LocalPathfinder - [LocalPathfinder] Initialized with regions from navdata\regions
2026-03-29 23:05:18.665 INFO  [bwu-cmd] [system] c.b.b.core.runtime.LocalScriptLoader - Found 2 JAR(s) in E:\Desktop\Projects\V2 Xapi\scripts
2026-03-29 23:05:18.673 INFO  [bwu-cmd] [system] c.b.b.core.runtime.LocalScriptLoader - Loaded: com.xapi.debugger.XapiScript
2026-03-29 23:05:18.675 INFO  [bwu-cmd] [system] c.b.b.core.runtime.LocalScriptLoader - Loaded: com.botwithus.bot.scripts.woodcutting.WoodcuttingScript
2026-03-29 23:05:18.676 ERROR [bwu-cmd] [system] c.b.bot.core.runtime.SDNScriptLoader - lockdown0() failed: Failed to call lockdown0()
2026-03-29 23:05:19.497 INFO  [script-Woodcutting] [Woodcutting] c.b.b.s.w.WoodcuttingScript - [Woodcutting] Idle timeout from varbit 54077: 6s
2026-03-29 23:05:19.502 INFO  [script-Woodcutting] [Woodcutting] c.b.bot.scripts.woodcutting.Quirks - [Quirks] Session personality: earlyFill=41% (at 20), notNearest=10%, idleStare=3%, earlyBank=1slots, fidget=4%
2026-03-29 23:05:19.535 INFO  [script-Woodcutting] [Woodcutting] c.b.bot.api.nav.WorldPathfinder - [WorldPathfinder] Loaded transitions: 1603 local, 0 teleports, 255 regions
2026-03-29 23:05:19.537 INFO  [script-Woodcutting] [Woodcutting] c.b.bot.api.nav.WorldPathfinder - [WorldPathfinder] Initialized with navdata from navdata
2026-03-29 23:05:19.823 INFO  [script-Woodcutting] [Woodcutting] c.b.b.s.w.WoodcuttingScript - [Woodcutting] Started - tree=Willow, hotspot=Draynor Village
2026-03-29 23:07:16.325 INFO  [script-Woodcutting] [Woodcutting] c.b.bot.api.inventory.WoodBox - [WoodBox] Filling Acadia wood box
